<?xml version="1.0" encoding="UTF-8"?><testrun name="TestRunner" project="FreeCrmBDDFFramework" tests="12" started="12" failures="2" errors="0" ignored="1">
  <testsuite name="Runner.TestRunner" time="11.169">
    <testsuite name="Feature: Free CRM Login Feature" time="11.169">
      <testsuite name="Scenario Outline: Free CRM Login Test Scenario" time="11.169">
        <testsuite name="Examples:" time="11.169">
          <testsuite name="| naveenk | test@123 |" time="2.661">
            <testcase name="Given user is already on Login Page" classname="| naveenk | test@123 |" time="0.168"/>
            <testcase name="When title of login page is Free CRM" classname="| naveenk | test@123 |" time="0.164"/>
            <testcase name="Then user enters &quot;naveenk&quot; and &quot;test@123&quot;" classname="| naveenk | test@123 |" time="2.174"/>
            <testcase name="Then user clicks on login button" classname="| naveenk | test@123 |" time="0.009"/>
            <testcase name="Then user is on home page" classname="| naveenk | test@123 |" time="0.145"/>
            <testcase name="Then browser is closed" classname="| naveenk | test@123 |" time="0.001"/>
          </testsuite>
          <testsuite name="| tom | test456 |" time="0.743" incomplete="true">
            <failure>
              <expected>CRMPRO</expected>
              <actual>#1 Free CRM software in the cloud for sales and service</actual>org.junit.ComparisonFailure: expected:&lt;[CRMPRO]&gt; but was:&lt;[#1 Free CRM software in the cloud for sales and service]&gt;&#13;
	at org.junit.Assert.assertEquals(Assert.java:115)&#13;
	at org.junit.Assert.assertEquals(Assert.java:144)&#13;
	at stepDefinitions.LoginStepDefenition.user_is_on_home_page(LoginStepDefenition.java:50)&#13;
	at ✽.Then user is on home page(G:/SeleniumProjects/FreeCrmBDDFramework/FreeCrmBDDFFramework/src/test/java/Features/login.feature:20)&#13;
&#13;
</failure>
            <testcase name="Given user is already on Login Page" classname="| tom | test456 |" time="0.011"/>
            <testcase name="When title of login page is Free CRM" classname="| tom | test456 |" time="0.379"/>
            <testcase name="Then user enters &quot;tom&quot; and &quot;test456&quot;" classname="| tom | test456 |" time="0.331"/>
            <testcase name="Then user clicks on login button" classname="| tom | test456 |" time="0.016"/>
            <testcase name="Then user is on home page" classname="| tom | test456 |" time="0.006">
              <failure>
                <expected>CRMPRO</expected>
                <actual>#1 Free CRM software in the cloud for sales and service</actual>org.junit.ComparisonFailure: expected:&lt;[CRMPRO]&gt; but was:&lt;[#1 Free CRM software in the cloud for sales and service]&gt;&#13;
	at org.junit.Assert.assertEquals(Assert.java:115)&#13;
	at org.junit.Assert.assertEquals(Assert.java:144)&#13;
	at stepDefinitions.LoginStepDefenition.user_is_on_home_page(LoginStepDefenition.java:50)&#13;
	at ✽.Then user is on home page(G:/SeleniumProjects/FreeCrmBDDFramework/FreeCrmBDDFFramework/src/test/java/Features/login.feature:20)&#13;
&#13;
</failure>
            </testcase>
            <testcase name="Then browser is closed" classname="| tom | test456 |" time="0.124" ignored="true"/>
          </testsuite>
        </testsuite>
      </testsuite>
    </testsuite>
  </testsuite>
</testrun>
